1610973635891	geckodriver	INFO	Listening on 127.0.0.1:50600
1610973638989	mozrunner::runner	INFO	Running command: "C:\\Program Files\\Mozilla Firefox\\firefox.exe" "--marionette" "--headless" "-foreground" "-no-remote" "-profile" "C:\\Users\\manuo\\AppData\\Local\\Temp\\rust_mozprofilea0NAM8"
*** You are running in headless mode.
console.warn: SearchSettings: "get: No settings file exists, new profile?" (new Error("", "(unknown module)"))
1610973640644	Marionette	INFO	Listening on port 50608
1610973641055	Marionette	WARN	TLS certificate errors will be ignored for this session
Marionette threw an error: NotFoundError: WindowGlobalParent.getActor: No such JSWindowActor 'MarionetteCommands'
getMarionetteCommandsActorProxy/get/<@chrome://marionette/content/actors/MarionetteCommandsParent.jsm:330:69
GeckoDriver.prototype.deleteSession@chrome://marionette/content/driver.js:3034:17
onClosed@chrome://marionette/content/server.js:196:17
close@chrome://marionette/content/transport.js:225:18
onInputStreamReady@chrome://marionette/content/transport.js:379:14

1610973741297	geckodriver	INFO	Listening on 127.0.0.1:50687
1610973744320	mozrunner::runner	INFO	Running command: "C:\\Program Files\\Mozilla Firefox\\firefox.exe" "--marionette" "--headless" "-foreground" "-no-remote" "-profile" "C:\\Users\\manuo\\AppData\\Local\\Temp\\rust_mozprofileOrY2YL"
*** You are running in headless mode.
console.warn: SearchSettings: "get: No settings file exists, new profile?" (new Error("", "(unknown module)"))
1610973746603	Marionette	INFO	Listening on port 50697
1610973746985	Marionette	WARN	TLS certificate errors will be ignored for this session
1610973839615	Marionette	INFO	Stopped listening on port 50697

###!!! [Parent][RunMessage] Error: Channel closing: too late to send/recv, messages will be lost

1610974162976	geckodriver	INFO	Listening on 127.0.0.1:51284
1610974166051	mozrunner::runner	INFO	Running command: "C:\\Program Files\\Mozilla Firefox\\firefox.exe" "--marionette" "--headless" "-foreground" "-no-remote" "-profile" "C:\\Users\\manuo\\AppData\\Local\\Temp\\rust_mozprofilelPdIJb"
*** You are running in headless mode.
console.warn: SearchSettings: "get: No settings file exists, new profile?" (new Error("", "(unknown module)"))
1610974167722	Marionette	INFO	Listening on port 51292
1610974168083	Marionette	WARN	TLS certificate errors will be ignored for this session
1610974261988	Marionette	INFO	Stopped listening on port 51292
1610974502587	geckodriver	INFO	Listening on 127.0.0.1:51375
1610974505643	mozrunner::runner	INFO	Running command: "C:\\Program Files\\Mozilla Firefox\\firefox.exe" "--marionette" "--headless" "-foreground" "-no-remote" "-profile" "C:\\Users\\manuo\\AppData\\Local\\Temp\\rust_mozprofileOFbA3l"
*** You are running in headless mode.
console.warn: SearchSettings: "get: No settings file exists, new profile?" (new Error("", "(unknown module)"))
1610974507177	Marionette	INFO	Listening on port 51383
1610974508375	Marionette	WARN	TLS certificate errors will be ignored for this session
Marionette threw an error: NotFoundError: WindowGlobalParent.getActor: No such JSWindowActor 'MarionetteCommands'
getMarionetteCommandsActorProxy/get/<@chrome://marionette/content/actors/MarionetteCommandsParent.jsm:330:69
GeckoDriver.prototype.deleteSession@chrome://marionette/content/driver.js:3034:17
onClosed@chrome://marionette/content/server.js:196:17
close@chrome://marionette/content/transport.js:225:18
onInputStreamReady@chrome://marionette/content/transport.js:379:14

1610974557488	geckodriver	INFO	Listening on 127.0.0.1:51446
1610974560525	mozrunner::runner	INFO	Running command: "C:\\Program Files\\Mozilla Firefox\\firefox.exe" "--marionette" "--headless" "-foreground" "-no-remote" "-profile" "C:\\Users\\manuo\\AppData\\Local\\Temp\\rust_mozprofile6PcOkd"
*** You are running in headless mode.
console.warn: SearchSettings: "get: No settings file exists, new profile?" (new Error("", "(unknown module)"))
1610974562227	Marionette	INFO	Listening on port 51454
1610974563268	Marionette	WARN	TLS certificate errors will be ignored for this session
1610974570547	Marionette	INFO	Stopped listening on port 51454
